{
"D:\\Projects\\prjs_enjapan\\FinalRelease\\fefs\\app\\scripts\\app.coffee":{"path":"D:\\Projects\\prjs_enjapan\\FinalRelease\\fefs\\app\\scripts\\app.coffee","s":{"1":0,"2":0,"3":0,"4":0,"5":0,"6":0,"7":0,"8":0,"9":0,"10":0,"11":0,"12":0},"b":{"1":[0,0],"2":[0,0],"3":[0,0]},"f":{"1":0,"2":0,"3":0,"4":0},"fnMap":{"1":{"name":"(anonymous_1)","line":1,"loc":{"start":{"line":1,"column":-15},"end":{"line":1,"column":-15}}},"2":{"name":"(anonymous_2)","line":4,"loc":{"start":{"line":4,"column":8},"end":{"line":4,"column":8}}},"3":{"name":"(anonymous_3)","line":6,"loc":{"start":{"line":6,"column":23},"end":{"line":6,"column":23}}},"4":{"name":"(anonymous_4)","line":17,"loc":{"start":{"line":17,"column":11},"end":{"line":17,"column":11}}}},"statementMap":{"1":{"start":{"line":1,"column":-15},"end":{"line":1,"column":-15}},"2":{"start":{"line":1,"column":-15},"end":{"line":1,"column":-15}},"3":{"start":{"line":1,"column":-15},"end":{"line":1,"column":-15}},"4":{"start":{"line":4,"column":0},"end":{"line":1,"column":-15}},"5":{"start":{"line":0,"column":0},"end":{"line":4,"column":8}},"6":{"start":{"line":9,"column":4},"end":{"line":9,"column":4}},"7":{"start":{"line":10,"column":6},"end":{"line":9,"column":4}},"8":{"start":{"line":12,"column":4},"end":{"line":6,"column":23}},"9":{"start":{"line":0,"column":0},"end":{"line":12,"column":4}},"10":{"start":{"line":17,"column":0},"end":{"line":1,"column":-15}},"11":{"start":{"line":18,"column":2},"end":{"line":18,"column":2}},"12":{"start":{"line":0,"column":0},"end":{"line":17,"column":11}}},"branchMap":{"1":{"line":9,"type":"if","locations":[{"start":{"line":9,"column":4},"end":{"line":9,"column":4}},{"start":{"line":9,"column":4},"end":{"line":9,"column":4}}]},"2":{"line":9,"type":"binary-expr","locations":[{"start":{"line":9,"column":7},"end":{"line":9,"column":7}},{"start":{"line":9,"column":25},"end":{"line":9,"column":4}}]},"3":{"line":12,"type":"if","locations":[{"start":{"line":12,"column":4},"end":{"line":12,"column":4}},{"start":{"line":12,"column":4},"end":{"line":12,"column":4}}]}},"l":{"0":0,"1":0,"4":0,"9":0,"10":0,"12":0,"17":0,"18":0}},
"D:\\Projects\\prjs_enjapan\\FinalRelease\\fefs\\app\\scripts\\vendors.coffee":{"path":"D:\\Projects\\prjs_enjapan\\FinalRelease\\fefs\\app\\scripts\\vendors.coffee","s":{"1":0,"2":0,"3":0,"4":0,"5":0,"6":0,"7":0,"8":0,"9":0,"10":0,"11":0,"12":0,"13":0,"14":0,"15":0,"16":0,"17":0,"18":0,"19":0,"20":0,"21":0,"22":0,"23":0,"24":0,"25":0,"26":0,"27":0,"28":0,"29":0,"30":0,"31":0,"32":0,"33":0,"34":0,"35":0,"36":0,"37":0,"38":0,"39":0},"b":{"1":[0,0]},"f":{"1":0,"2":0,"3":0,"4":0,"5":0,"6":0,"7":0,"8":0,"9":0,"10":0,"11":0,"12":0},"fnMap":{"1":{"name":"(anonymous_1)","line":1,"loc":{"start":{"line":1,"column":-15},"end":{"line":1,"column":-15}}},"2":{"name":"(anonymous_2)","line":2,"loc":{"start":{"line":2,"column":23},"end":{"line":2,"column":23}}},"3":{"name":"(anonymous_3)","line":7,"loc":{"start":{"line":7,"column":7},"end":{"line":7,"column":7}}},"4":{"name":"(anonymous_4)","line":10,"loc":{"start":{"line":10,"column":8},"end":{"line":10,"column":8}}},"5":{"name":"(anonymous_5)","line":17,"loc":{"start":{"line":17,"column":33},"end":{"line":17,"column":33}}},"6":{"name":"(anonymous_6)","line":24,"loc":{"start":{"line":24,"column":24},"end":{"line":24,"column":24}}},"7":{"name":"(anonymous_7)","line":25,"loc":{"start":{"line":25,"column":23},"end":{"line":25,"column":23}}},"8":{"name":"(anonymous_8)","line":26,"loc":{"start":{"line":26,"column":44},"end":{"line":26,"column":44}}},"9":{"name":"(anonymous_9)","line":37,"loc":{"start":{"line":37,"column":45},"end":{"line":37,"column":45}}},"10":{"name":"(anonymous_10)","line":41,"loc":{"start":{"line":41,"column":7},"end":{"line":41,"column":7}}},"11":{"name":"(anonymous_11)","line":50,"loc":{"start":{"line":50,"column":22},"end":{"line":50,"column":22}}},"12":{"name":"(anonymous_12)","line":62,"loc":{"start":{"line":62,"column":20},"end":{"line":62,"column":20}}}},"statementMap":{"1":{"start":{"line":1,"column":-15},"end":{"line":1,"column":-15}},"2":{"start":{"line":1,"column":-15},"end":{"line":1,"column":-15}},"3":{"start":{"line":3,"column":2},"end":{"line":3,"column":2}},"4":{"start":{"line":3,"column":2},"end":{"line":3,"column":2}},"5":{"start":{"line":0,"column":0},"end":{"line":2,"column":23}},"6":{"start":{"line":0,"column":0},"end":{"line":7,"column":7}},"7":{"start":{"line":11,"column":4},"end":{"line":10,"column":8}},"8":{"start":{"line":19,"column":2},"end":{"line":17,"column":33}},"9":{"start":{"line":25,"column":2},"end":{"line":25,"column":2}},"10":{"start":{"line":25,"column":2},"end":{"line":25,"column":2}},"11":{"start":{"line":26,"column":2},"end":{"line":25,"column":2}},"12":{"start":{"line":27,"column":4},"end":{"line":27,"column":4}},"13":{"start":{"line":27,"column":4},"end":{"line":27,"column":4}},"14":{"start":{"line":37,"column":4},"end":{"line":26,"column":44}},"15":{"start":{"line":38,"column":6},"end":{"line":38,"column":6}},"16":{"start":{"line":38,"column":6},"end":{"line":38,"column":6}},"17":{"start":{"line":39,"column":6},"end":{"line":37,"column":45}},"18":{"start":{"line":47,"column":2},"end":{"line":25,"column":2}},"19":{"start":{"line":48,"column":2},"end":{"line":25,"column":2}},"20":{"start":{"line":50,"column":2},"end":{"line":25,"column":2}},"21":{"start":{"line":51,"column":4},"end":{"line":51,"column":4}},"22":{"start":{"line":53,"column":4},"end":{"line":51,"column":4}},"23":{"start":{"line":56,"column":4},"end":{"line":51,"column":4}},"24":{"start":{"line":57,"column":4},"end":{"line":51,"column":4}},"25":{"start":{"line":58,"column":4},"end":{"line":50,"column":22}},"26":{"start":{"line":62,"column":2},"end":{"line":24,"column":24}},"27":{"start":{"line":63,"column":4},"end":{"line":63,"column":4}},"28":{"start":{"line":63,"column":4},"end":{"line":63,"column":4}},"29":{"start":{"line":64,"column":4},"end":{"line":63,"column":4}},"30":{"start":{"line":65,"column":4},"end":{"line":63,"column":4}},"31":{"start":{"line":66,"column":4},"end":{"line":63,"column":4}},"32":{"start":{"line":67,"column":6},"end":{"line":67,"column":6}},"33":{"start":{"line":68,"column":6},"end":{"line":67,"column":6}},"34":{"start":{"line":69,"column":8},"end":{"line":69,"column":8}},"35":{"start":{"line":70,"column":10},"end":{"line":69,"column":8}},"36":{"start":{"line":71,"column":8},"end":{"line":68,"column":6}},"37":{"start":{"line":72,"column":6},"end":{"line":67,"column":6}},"38":{"start":{"line":73,"column":6},"end":{"line":66,"column":4}},"39":{"start":{"line":0,"column":0},"end":{"line":62,"column":20}}},"branchMap":{"1":{"line":69,"type":"if","locations":[{"start":{"line":69,"column":8},"end":{"line":69,"column":8}},{"start":{"line":69,"column":8},"end":{"line":69,"column":8}}]}},"l":{"0":0,"1":0,"3":0,"11":0,"19":0,"25":0,"26":0,"27":0,"37":0,"38":0,"39":0,"47":0,"48":0,"50":0,"51":0,"53":0,"56":0,"57":0,"58":0,"62":0,"63":0,"64":0,"65":0,"66":0,"67":0,"68":0,"69":0,"70":0,"71":0,"72":0,"73":0}}}
