TN:
SF:D:\Projects\prjs_enjapan\FinalRelease\fefs\app\scripts\app.coffee
FN:1,(anonymous_1)
FN:4,(anonymous_2)
FN:6,(anonymous_3)
FN:17,(anonymous_4)
FNF:4
FNH:0
FNDA:0,(anonymous_1)
FNDA:0,(anonymous_2)
FNDA:0,(anonymous_3)
FNDA:0,(anonymous_4)
DA:0,0
DA:1,0
DA:4,0
DA:9,0
DA:10,0
DA:12,0
DA:17,0
DA:18,0
LF:8
LH:0
BRDA:9,1,0,0
BRDA:9,1,1,0
BRDA:9,2,0,0
BRDA:9,2,1,0
BRDA:12,3,0,0
BRDA:12,3,1,0
BRF:6
BRH:0
end_of_record
TN:
SF:D:\Projects\prjs_enjapan\FinalRelease\fefs\app\scripts\vendors.coffee
FN:1,(anonymous_1)
FN:2,(anonymous_2)
FN:7,(anonymous_3)
FN:10,(anonymous_4)
FN:17,(anonymous_5)
FN:24,(anonymous_6)
FN:25,(anonymous_7)
FN:26,(anonymous_8)
FN:37,(anonymous_9)
FN:41,(anonymous_10)
FN:50,(anonymous_11)
FN:62,(anonymous_12)
FNF:12
FNH:0
FNDA:0,(anonymous_1)
FNDA:0,(anonymous_2)
FNDA:0,(anonymous_3)
FNDA:0,(anonymous_4)
FNDA:0,(anonymous_5)
FNDA:0,(anonymous_6)
FNDA:0,(anonymous_7)
FNDA:0,(anonymous_8)
FNDA:0,(anonymous_9)
FNDA:0,(anonymous_10)
FNDA:0,(anonymous_11)
FNDA:0,(anonymous_12)
DA:0,0
DA:1,0
DA:3,0
DA:11,0
DA:19,0
DA:25,0
DA:26,0
DA:27,0
DA:37,0
DA:38,0
DA:39,0
DA:47,0
DA:48,0
DA:50,0
DA:51,0
DA:53,0
DA:56,0
DA:57,0
DA:58,0
DA:62,0
DA:63,0
DA:64,0
DA:65,0
DA:66,0
DA:67,0
DA:68,0
DA:69,0
DA:70,0
DA:71,0
DA:72,0
DA:73,0
LF:31
LH:0
BRDA:69,1,0,0
BRDA:69,1,1,0
BRF:2
BRH:0
end_of_record
